<?xml version="1.0" encoding="UTF-8" standalone="no"?><testsuite errors="0" failures="0" hostname="Alex" name="default.load-models-ant-target" tests="10" time="0.313000"><properties>
[...]
</properties><testcase classname="default.load-models-ant-target" name="transformationWorksAsExpected" time="0.172000"/><testcase classname="default.load-models-ant-target" name="validaModelsBack" time="0.00000"/><testcase classname="default.load-models-ant-target" name="validaControllersBack" time="0.00000"/><testcase classname="default.load-models-ant-target" name="validaRoutesBack" time="0.00000"/><testcase classname="default.load-models-ant-target" name="validateRouteContent" time="0.0160000"/><testcase classname="default.load-models-ant-target" name="validateModelContent" time="0.00000"/><testcase classname="default.load-models-ant-target" name="validateControllerContent" time="0.0150000"/><testcase classname="default.load-models-ant-target" name="validateHtml" time="0.00000"/><testcase classname="default.load-models-ant-target" name="validatePanelJs" time="0.00000"/><testcase classname="default.load-models-ant-target" name="existSidebar" time="0.0160000"/><system-out>Test transformationWorksAsExpected {} passed [cpu: 171 ms, wallclock: 172 ms]&#13;
Test validaModelsBack {} passed [cpu: 0 ms, wallclock: 0 ms]&#13;
Test validaControllersBack {} passed [cpu: 0 ms, wallclock: 0 ms]&#13;
Test validaRoutesBack {} passed [cpu: 0 ms, wallclock: 0 ms]&#13;
Test validateRouteContent {} passed [cpu: 15 ms, wallclock: 16 ms]&#13;
Test validateModelContent {} passed [cpu: 0 ms, wallclock: 0 ms]&#13;
Test validateControllerContent {} passed [cpu: 15 ms, wallclock: 15 ms]&#13;
E:\MISO UNIANDES\2 Automatizacion de procesos\Round 2\Proyecto\04-05-2020\202010-proyecto-grupo1\uniandes.mdd.grupo.uno.metamodels\egl-transformations\front\app\public\components\insumos\insumos.component.html&#13;
true&#13;
E:\MISO UNIANDES\2 Automatizacion de procesos\Round 2\Proyecto\04-05-2020\202010-proyecto-grupo1\uniandes.mdd.grupo.uno.metamodels\egl-transformations\front\app\public\components\proveedores\proveedores.component.html&#13;
true&#13;
Test validateHtml {} passed [cpu: 0 ms, wallclock: 0 ms]&#13;
E:\MISO UNIANDES\2 Automatizacion de procesos\Round 2\Proyecto\04-05-2020\202010-proyecto-grupo1\uniandes.mdd.grupo.uno.metamodels\egl-transformations\front\app\public\components\insumos\insumos.component.js&#13;
true&#13;
E:\MISO UNIANDES\2 Automatizacion de procesos\Round 2\Proyecto\04-05-2020\202010-proyecto-grupo1\uniandes.mdd.grupo.uno.metamodels\egl-transformations\front\app\public\components\proveedores\proveedores.component.js&#13;
true&#13;
Test validatePanelJs {} passed [cpu: 0 ms, wallclock: 0 ms]&#13;
E:\MISO UNIANDES\2 Automatizacion de procesos\Round 2\Proyecto\04-05-2020\202010-proyecto-grupo1\uniandes.mdd.grupo.uno.metamodels\egl-transformations\front\app\public\layout\sidebar.component.ts&#13;
true&#13;
Test existSidebar {} passed [cpu: 15 ms, wallclock: 16 ms]&#13;
Test root {} passed [cpu: 218 ms, wallclock: 313 ms]&#13;
</system-out><system-err/></testsuite>